<?xml version="1.0" encoding="UTF-8"?>
<!-- Generated by org.testng.reporters.JUnitXMLReporter -->
<testsuite ignored="0" hostname="LAPTOP-LHIOLAI0" failures="0" tests="7" name="Test" time="162.955" errors="0" timestamp="2022-06-02T13:27:54 EDT">
  <testcase classname="maria.HomePageTest.homePageTest2" name="@BeforeMethod setUp" time="6.415">
    <failure type="org.openqa.selenium.WebDriverException" message="target frame detached
  (Session info: chrome=102.0.5005.63)
Build info: version: &amp;apos;3.141.59&amp;apos;, revision: &amp;apos;e82be7d358&amp;apos;, time: &amp;apos;2018-11-14T08:17:03&amp;apos;
System info: host: &amp;apos;LAPTOP-LHIOLAI0&amp;apos;, ip: &amp;apos;192.168.1.201&amp;apos;, os.name: &amp;apos;Windows 10&amp;apos;, os.arch: &amp;apos;amd64&amp;apos;, os.version: &amp;apos;10.0&amp;apos;, java.version: &amp;apos;11.0.13&amp;apos;
Driver info: org.openqa.selenium.chrome.ChromeDriver
Capabilities {acceptInsecureCerts: false, browserName: chrome, browserVersion: 102.0.5005.63, chrome: {chromedriverVersion: 102.0.5005.61 (0e59bcc00cc4..., userDataDir: C:\Users\mmari\AppData\Loca...}, goog:chromeOptions: {debuggerAddress: localhost:52815}, javascriptEnabled: true, networkConnectionEnabled: false, pageLoadStrategy: normal, platform: WINDOWS, platformName: WINDOWS, proxy: Proxy(), setWindowRect: true, strictFileInteractability: false, timeouts: {implicit: 0, pageLoad: 300000, script: 30000}, unhandledPromptBehavior: dismiss and notify, webauthn:extension:credBlob: true, webauthn:extension:largeBlob: true, webauthn:virtualAuthenticators: true}
Session ID: 12a7425b1c175013f0a5e344a65c1a27
*** Element info: {Using=xpath, value=//*[@id=&amp;apos;themify_builder_content-22&amp;apos;]/div[2]/div/div/div/div/div[2]/div}">
      <![CDATA[org.openqa.selenium.WebDriverException: target frame detached
  (Session info: chrome=102.0.5005.63)
Build info: version: '3.141.59', revision: 'e82be7d358', time: '2018-11-14T08:17:03'
System info: host: 'LAPTOP-LHIOLAI0', ip: '192.168.1.201', os.name: 'Windows 10', os.arch: 'amd64', os.version: '10.0', java.version: '11.0.13'
Driver info: org.openqa.selenium.chrome.ChromeDriver
Capabilities {acceptInsecureCerts: false, browserName: chrome, browserVersion: 102.0.5005.63, chrome: {chromedriverVersion: 102.0.5005.61 (0e59bcc00cc4..., userDataDir: C:\Users\mmari\AppData\Loca...}, goog:chromeOptions: {debuggerAddress: localhost:52815}, javascriptEnabled: true, networkConnectionEnabled: false, pageLoadStrategy: normal, platform: WINDOWS, platformName: WINDOWS, proxy: Proxy(), setWindowRect: true, strictFileInteractability: false, timeouts: {implicit: 0, pageLoad: 300000, script: 30000}, unhandledPromptBehavior: dismiss and notify, webauthn:extension:credBlob: true, webauthn:extension:largeBlob: true, webauthn:virtualAuthenticators: true}
Session ID: 12a7425b1c175013f0a5e344a65c1a27
*** Element info: {Using=xpath, value=//*[@id='themify_builder_content-22']/div[2]/div/div/div/div/div[2]/div}
at org.openqa.selenium.remote.http.W3CHttpResponseCodec.createException(W3CHttpResponseCodec.java:187)
at org.openqa.selenium.remote.http.W3CHttpResponseCodec.decode(W3CHttpResponseCodec.java:122)
at org.openqa.selenium.remote.http.W3CHttpResponseCodec.decode(W3CHttpResponseCodec.java:49)
at org.openqa.selenium.remote.HttpCommandExecutor.execute(HttpCommandExecutor.java:158)
at org.openqa.selenium.remote.service.DriverCommandExecutor.execute(DriverCommandExecutor.java:83)
at org.openqa.selenium.remote.RemoteWebDriver.execute(RemoteWebDriver.java:552)
at org.openqa.selenium.remote.RemoteWebDriver.findElements(RemoteWebDriver.java:353)
at org.openqa.selenium.remote.RemoteWebDriver.findElementsByXPath(RemoteWebDriver.java:432)
at org.openqa.selenium.By$ByXPath.findElements(By.java:348)
at org.openqa.selenium.remote.RemoteWebDriver.findElements(RemoteWebDriver.java:311)
at org.openqa.selenium.support.pagefactory.DefaultElementLocator.findElements(DefaultElementLocator.java:85)
at org.openqa.selenium.support.pagefactory.internal.LocatingElementListHandler.invoke(LocatingElementListHandler.java:36)
at com.sun.proxy.$Proxy13.size(Unknown Source)
at maria.HomePage.HomePagePage.checkArrivalsCount(HomePagePage.java:93)
at maria.HomePageTest.homePageTest2.setUp(homePageTest2.java:31)
at java.base/java.util.ArrayList.forEach(ArrayList.java:1541)
... Removed 35 stack frames]]>
    </failure>
  </testcase> <!-- @BeforeMethod setUp -->
  <testcase classname="maria.HomePageTest.homePageTest2" name="@BeforeMethod setUp" time="0.0">
    <skipped/>
  </testcase> <!-- @BeforeMethod setUp -->
  <testcase classname="maria.HomePageTest.homePageTest2" name="@BeforeMethod setUp" time="0.0">
    <skipped/>
  </testcase> <!-- @BeforeMethod setUp -->
  <testcase classname="maria.HomePageTest.homePageTest2" name="@AfterClass tearDown" time="0.0">
    <skipped/>
  </testcase> <!-- @AfterClass tearDown -->
  <testcase classname="maria.HomePageTest.homePageTest2" name="test9to11" time="4.385"/>
  <testcase classname="maria.HomePageTest.homePageTest2" name="test12" time="0.256"/>
  <testcase classname="maria.HomePageTest.homePageTest2" name="test13" time="0.079"/>
  <testcase classname="maria.HomePageTest.homePageTest2" name="test14" time="0.225"/>
  <testcase classname="maria.HomePageTest.homePageTest2" name="test15" time="0.0">
    <skipped/>
  </testcase> <!-- test15 -->
  <testcase classname="maria.HomePageTest.homePageTest2" name="test16" time="0.0">
    <skipped/>
  </testcase> <!-- test16 -->
  <testcase classname="maria.HomePageTest.homePageTest2" name="test17And18" time="0.0">
    <skipped/>
  </testcase> <!-- test17And18 -->
</testsuite> <!-- Test -->
