<?xml version="1.0" encoding="UTF-8"?>
<!-- Generated by org.testng.reporters.JUnitReportReporter -->
<testsuite skipped="1" hostname="TechCirle2sMini" name="SeleniumDay9.GroupingTest" tests="2" failures="0" timestamp="2022-05-18T21:56:29 EDT" time="3.637" errors="1">
  <testcase name="beforeMethod" time="3.637" classname="SeleniumDay9.GroupingTest">
    <error type="org.openqa.selenium.WebDriverException" message="unknown error: Chrome failed to start: crashed.
  (chrome not reachable)
  (The process started from chrome location /Applications/Google Chrome.app/Contents/MacOS/Google Chrome is no longer running, so ChromeDriver is assuming that Chrome has crashed.)
Build info: version: &#039;3.141.59&#039;, revision: &#039;e82be7d358&#039;, time: &#039;2018-11-14T08:17:03&#039;
System info: host: &#039;TechCirle2sMini&#039;, ip: &#039;192.168.1.161&#039;, os.name: &#039;Mac OS X&#039;, os.arch: &#039;x86_64&#039;, os.version: &#039;12.3&#039;, java.version: &#039;1.8.0_312&#039;
Driver info: driver.version: Driver
remote stacktrace: 0   chromedriver                        0x0000000104deb2c9 chromedriver + 5120713
1   chromedriver                        0x0000000104d79e33 chromedriver + 4656691
2   chromedriver                        0x0000000104969158 chromedriver + 393560
3   chromedriver                        0x000000010498b9fe chromedriver + 535038
4   chromedriver                        0x0000000104987446 chromedriver + 517190
5   chromedriver                        0x00000001049c1140 chromedriver + 753984
6   chromedriver                        0x00000001049bb373 chromedriver + 729971
7   chromedriver                        0x0000000104991609 chromedriver + 558601
8   chromedriver                        0x0000000104992635 chromedriver + 562741
9   chromedriver                        0x0000000104dbdb1d chromedriver + 4934429
10  chromedriver                        0x0000000104dc2295 chromedriver + 4952725
11  chromedriver                        0x0000000104dc73cf chromedriver + 4973519
12  chromedriver                        0x0000000104dc2cba chromedriver + 4955322
13  chromedriver                        0x0000000104d9d37c chromedriver + 4801404
14  chromedriver                        0x0000000104ddcc68 chromedriver + 5061736
15  chromedriver                        0x0000000104ddcdef chromedriver + 5062127
16  chromedriver                        0x0000000104df25e5 chromedriver + 5150181
17  libsystem_pthread.dylib             0x00007ff8143454e1 _pthread_start + 125
18  libsystem_pthread.dylib             0x00007ff814340f6b thread_start + 15
">
      <![CDATA[org.openqa.selenium.WebDriverException: unknown error: Chrome failed to start: crashed.
  (chrome not reachable)
  (The process started from chrome location /Applications/Google Chrome.app/Contents/MacOS/Google Chrome is no longer running, so ChromeDriver is assuming that Chrome has crashed.)
Build info: version: '3.141.59', revision: 'e82be7d358', time: '2018-11-14T08:17:03'
System info: host: 'TechCirle2sMini', ip: '192.168.1.161', os.name: 'Mac OS X', os.arch: 'x86_64', os.version: '12.3', java.version: '1.8.0_312'
Driver info: driver.version: Driver
remote stacktrace: 0   chromedriver                        0x0000000104deb2c9 chromedriver + 5120713
1   chromedriver                        0x0000000104d79e33 chromedriver + 4656691
2   chromedriver                        0x0000000104969158 chromedriver + 393560
3   chromedriver                        0x000000010498b9fe chromedriver + 535038
4   chromedriver                        0x0000000104987446 chromedriver + 517190
5   chromedriver                        0x00000001049c1140 chromedriver + 753984
6   chromedriver                        0x00000001049bb373 chromedriver + 729971
7   chromedriver                        0x0000000104991609 chromedriver + 558601
8   chromedriver                        0x0000000104992635 chromedriver + 562741
9   chromedriver                        0x0000000104dbdb1d chromedriver + 4934429
10  chromedriver                        0x0000000104dc2295 chromedriver + 4952725
11  chromedriver                        0x0000000104dc73cf chromedriver + 4973519
12  chromedriver                        0x0000000104dc2cba chromedriver + 4955322
13  chromedriver                        0x0000000104d9d37c chromedriver + 4801404
14  chromedriver                        0x0000000104ddcc68 chromedriver + 5061736
15  chromedriver                        0x0000000104ddcdef chromedriver + 5062127
16  chromedriver                        0x0000000104df25e5 chromedriver + 5150181
17  libsystem_pthread.dylib             0x00007ff8143454e1 _pthread_start + 125
18  libsystem_pthread.dylib             0x00007ff814340f6b thread_start + 15

at sun.reflect.NativeConstructorAccessorImpl.newInstance0(Native Method)
at sun.reflect.NativeConstructorAccessorImpl.newInstance(NativeConstructorAccessorImpl.java:62)
at sun.reflect.DelegatingConstructorAccessorImpl.newInstance(DelegatingConstructorAccessorImpl.java:45)
at java.lang.reflect.Constructor.newInstance(Constructor.java:423)
at org.openqa.selenium.remote.W3CHandshakeResponse.lambda$errorHandler$0(W3CHandshakeResponse.java:62)
at org.openqa.selenium.remote.HandshakeResponse.lambda$getResponseFunction$0(HandshakeResponse.java:30)
at org.openqa.selenium.remote.ProtocolHandshake.lambda$createSession$0(ProtocolHandshake.java:126)
at java.util.stream.ReferencePipeline$3$1.accept(ReferencePipeline.java:193)
at java.util.Spliterators$ArraySpliterator.tryAdvance(Spliterators.java:958)
at java.util.stream.ReferencePipeline.forEachWithCancel(ReferencePipeline.java:126)
at java.util.stream.AbstractPipeline.copyIntoWithCancel(AbstractPipeline.java:499)
at java.util.stream.AbstractPipeline.copyInto(AbstractPipeline.java:486)
at java.util.stream.AbstractPipeline.wrapAndCopyInto(AbstractPipeline.java:472)
at java.util.stream.FindOps$FindOp.evaluateSequential(FindOps.java:152)
at java.util.stream.AbstractPipeline.evaluate(AbstractPipeline.java:234)
at java.util.stream.ReferencePipeline.findFirst(ReferencePipeline.java:531)
at org.openqa.selenium.remote.ProtocolHandshake.createSession(ProtocolHandshake.java:128)
at org.openqa.selenium.remote.ProtocolHandshake.createSession(ProtocolHandshake.java:74)
at org.openqa.selenium.remote.HttpCommandExecutor.execute(HttpCommandExecutor.java:136)
at org.openqa.selenium.remote.service.DriverCommandExecutor.execute(DriverCommandExecutor.java:83)
at org.openqa.selenium.remote.RemoteWebDriver.execute(RemoteWebDriver.java:552)
at org.openqa.selenium.remote.RemoteWebDriver.startSession(RemoteWebDriver.java:213)
at org.openqa.selenium.remote.RemoteWebDriver.<init>(RemoteWebDriver.java:131)
at org.openqa.selenium.chrome.ChromeDriver.<init>(ChromeDriver.java:181)
at org.openqa.selenium.chrome.ChromeDriver.<init>(ChromeDriver.java:168)
at org.openqa.selenium.chrome.ChromeDriver.<init>(ChromeDriver.java:123)
at Utilities.Driver.getDriver(Driver.java:29)
at SeleniumDay9.GroupingTest.beforeMethod(GroupingTest.java:43)
at sun.reflect.NativeMethodAccessorImpl.invoke0(Native Method)
at sun.reflect.NativeMethodAccessorImpl.invoke(NativeMethodAccessorImpl.java:62)
at sun.reflect.DelegatingMethodAccessorImpl.invoke(DelegatingMethodAccessorImpl.java:43)
at java.lang.reflect.Method.invoke(Method.java:498)
at org.testng.internal.invokers.MethodInvocationHelper.invokeMethod(MethodInvocationHelper.java:135)
at org.testng.internal.invokers.MethodInvocationHelper.invokeMethodConsideringTimeout(MethodInvocationHelper.java:65)
at org.testng.internal.invokers.ConfigInvoker.invokeConfigurationMethod(ConfigInvoker.java:381)
at org.testng.internal.invokers.ConfigInvoker.invokeConfigurations(ConfigInvoker.java:319)
at org.testng.internal.invokers.TestInvoker.runConfigMethods(TestInvoker.java:803)
at org.testng.internal.invokers.TestInvoker.invokeMethod(TestInvoker.java:589)
at org.testng.internal.invokers.TestInvoker.invokeTestMethod(TestInvoker.java:220)
at org.testng.internal.invokers.MethodRunner.runInSequence(MethodRunner.java:50)
at org.testng.internal.invokers.TestInvoker$MethodInvocationAgent.invoke(TestInvoker.java:945)
at org.testng.internal.invokers.TestInvoker.invokeTestMethods(TestInvoker.java:193)
at org.testng.internal.invokers.TestMethodWorker.invokeTestMethods(TestMethodWorker.java:146)
at org.testng.internal.invokers.TestMethodWorker.run(TestMethodWorker.java:128)
at java.util.ArrayList.forEach(ArrayList.java:1259)
at org.testng.TestRunner.privateRun(TestRunner.java:808)
at org.testng.TestRunner.run(TestRunner.java:603)
at org.testng.SuiteRunner.runTest(SuiteRunner.java:429)
at org.testng.SuiteRunner.runSequentially(SuiteRunner.java:423)
at org.testng.SuiteRunner.privateRun(SuiteRunner.java:383)
at org.testng.SuiteRunner.run(SuiteRunner.java:326)
at org.testng.SuiteRunnerWorker.runSuite(SuiteRunnerWorker.java:52)
at org.testng.SuiteRunnerWorker.run(SuiteRunnerWorker.java:95)
at org.testng.TestNG.runSuitesSequentially(TestNG.java:1249)
at org.testng.TestNG.runSuitesLocally(TestNG.java:1169)
at org.testng.TestNG.runSuites(TestNG.java:1092)
at org.testng.TestNG.run(TestNG.java:1060)
at org.testng.remote.AbstractRemoteTestNG.run(AbstractRemoteTestNG.java:115)
at org.testng.remote.RemoteTestNG.initAndRun(RemoteTestNG.java:251)
at org.testng.remote.RemoteTestNG.main(RemoteTestNG.java:77)
]]>
    </error>
  </testcase> <!-- beforeMethod -->
  <system-out/>
  <testcase name="b" time="0.000" classname="SeleniumDay9.GroupingTest">
    <skipped/>
  </testcase> <!-- b -->
  <system-out/>
</testsuite> <!-- SeleniumDay9.GroupingTest -->
